#
# A fatal error has been detected by the Java Runtime Environment:
#
#  SIGBUS (0x7) at pc=0x000000303800e239, pid=23220, tid=140299295622912
#
# JRE version: 7.0-b147
# Java VM: Java HotSpot(TM) 64-Bit Server VM (21.0-b17 mixed mode linux-amd64 compressed oops)
# Problematic frame:
# C  [libXext.so.6+0xe239]  XextFindDisplay+0x49
#
# Failed to write core dump. Core dumps have been disabled. To enable core dumping, try "ulimit -c unlimited" before starting Java again
#
# If you would like to submit a bug report, please visit:
#   http://bugreport.sun.com/bugreport/crash.jsp
# The crash happened outside the Java Virtual Machine in native code.
# See problematic frame for where to report the bug.
#

---------------  T H R E A D  ---------------

Current thread (0x00007f9988216000):  JavaThread "AWT-EventQueue-0" [_thread_in_native, id=23253, stack(0x00007f99f99d8000,0x00007f99f9ad9000)]

siginfo:si_signo=SIGBUS: si_errno=0, si_code=128 (), si_addr=0x0000000000000000

Registers:
RAX=0x0000000000000000, RBX=0x00007f996c672380, RCX=0x000000303600dd3d, RDX=0x00000030489f5b80
RSP=0x00007f99f9ad6b50, RBP=0xff000000ff000000, RSI=0x00007f998808ad60, RDI=0x00007f996c672380
R8 =0x00000030492fb1a0, R9 =0x0000000000005ad5, R10=0x00007f9a02f8ba27, R11=0x0000000000000202
R12=0x00007f998808ad60, R13=0x00007f998808ad60, R14=0x00007f99f9ad6f30, R15=0x0000000003a00030
RIP=0x000000303800e239, EFLAGS=0x0000000000010286, CSGSFS=0x0000000000000033, ERR=0x0000000000000000
  TRAPNO=0x000000000000000c

Top of Stack: (sp=0x00007f99f9ad6b50)
0x00007f99f9ad6b50:   00007f99f9ad6f50 00007f996ca0be78
0x00007f99f9ad6b60:   0000000000000000 0000003049079629
0x00007f99f9ad6b70:   00007f998820e890 00007f99f9ad6bf0
0x00007f99f9ad6b80:   00007f99f9ad6ba0 00007f9a11b1ab38
0x00007f99f9ad6b90:   00007f998808ad60 00007f999c0a2a30
0x00007f99f9ad6ba0:   00007f99f9ad6ce0 00007f9a11b27c64
0x00007f99f9ad6bb0:   00007f99f9ad6d10 00007f99f9ad6d70
0x00007f99f9ad6bc0:   00007f99882161d0 00007f9a11b46310
0x00007f99f9ad6bd0:   00007f999c0a25b0 00007f999c0a25c0
0x00007f99f9ad6be0:   00007f999c0a2998 00007f999c0a2a28
0x00007f99f9ad6bf0:   0000000000000000 0000000769a1c980
0x00007f99f9ad6c00:   00007f998808ad60 00007f996c03fd60
0x00007f99f9ad6c10:   00007f9900000030 00007f996c03fab0
0x00007f99f9ad6c20:   0000000000000008 00007f996c31a9c0
0x00007f99f9ad6c30:   0000000000000001 00007f0000000180
0x00007f99f9ad6c40:   0000000000000000 00007f99f9ad6bf8
0x00007f99f9ad6c50:   00007f99f9ad6c39 0000000800000004
0x00007f99f9ad6c60:   00007f99f9ad6c00 0000000800000004
0x00007f99f9ad6c70:   00007f9a1223d370 00007f9a0c03a090
0x00007f99f9ad6c80:   0000000000000008 0000000769a1c980
0x00007f99f9ad6c90:   0000000000000000 0000000000000020
0x00007f99f9ad6ca0:   00007f999c0a2a30 00007f9a0c03a091
0x00007f99f9ad6cb0:   00007f99f9ad6ce0 00007f99f9ad6d10
0x00007f99f9ad6cc0:   00007f9988216000 00007f9954007160
0x00007f99f9ad6cd0:   00007f99f9ad6d10 00007f9988216000
0x00007f99f9ad6ce0:   00007f99f9ad6dc0 00007f9a11b2c298
0x00007f99f9ad6cf0:   00007f9988216000 00007f9a11b2c298
0x00007f99f9ad6d00:   00007f99f9ad6dd0 00007f99b000b0e8
0x00007f99f9ad6d10:   00007f9a12243330 00007f9a0c03a090
0x00007f99f9ad6d20:   0000000012243330 00007f9a0000000e
0x00007f99f9ad6d30:   00007f99f9ad6bf0 0000003000000028
0x00007f99f9ad6d40:   00007f99f9ad6eb0 00007f99f9ad6df0 

Instructions: (pc=0x000000303800e239)
0x000000303800e219:   8b 15 21 30 20 00 48 8b 3a ff d0 48 8b 2b 48 85
0x000000303800e229:   ed 75 0d eb 42 66 90 48 8b 6d 00 48 85 ed 74 37
0x000000303800e239:   4c 39 65 08 75 f1 48 8b 05 da 2f 20 00 48 89 6b
0x000000303800e249:   08 48 8b 00 48 85 c0 74 0c 48 8b 15 e7 2f 20 00 

Register to memory mapping:

RAX=0x0000000000000000 is an unknown value
RBX=0x00007f996c672380 is an unknown value
RCX=0x000000303600dd3d: <offset 0xdd3d> in /lib64/libpthread.so.0 at 0x0000003036000000
RDX=0x00000030489f5b80: _nv020glcore+0 in /usr/lib64/nvidia/libnvidia-glcore.so.280.13 at 0x0000003046c00000
RSP=0x00007f99f9ad6b50 is pointing into the stack for thread: 0x00007f9988216000
RBP=0xff000000ff000000 is an unknown value
RSI=0x00007f998808ad60 is an unknown value
RDI=0x00007f996c672380 is an unknown value
R8 =0x00000030492fb1a0: <offset 0x2fb1a0> in /usr/lib64/nvidia/libGL.so.1 at 0x0000003049000000
R9 =0x0000000000005ad5 is an unknown value
R10=0x00007f9a02f8b850 [CodeBlob (0x00007f9a02f8b850)]
Framesize: 10
R11=0x0000000000000202 is an unknown value
R12=0x00007f998808ad60 is an unknown value
R13=0x00007f998808ad60 is an unknown value
R14=0x00007f99f9ad6f30 is pointing into the stack for thread: 0x00007f9988216000
R15=0x0000000003a00030 is an unknown value


Stack: [0x00007f99f99d8000,0x00007f99f9ad9000],  sp=0x00007f99f9ad6b50,  free space=1018k
Native frames: (J=compiled Java code, j=interpreted, Vv=VM code, C=native code)
C  [libXext.so.6+0xe239]  XextFindDisplay+0x49
